<?xml version="1.0" encoding="UTF-8"?>
<testsuite xmlns:xsi="http://www.w3.org/2001/XMLSchema-instance" xsi:noNamespaceSchemaLocation="https://maven.apache.org/surefire/maven-surefire-plugin/xsd/surefire-test-report-3.0.xsd" version="3.0" name="edu.brandeis.cosi103a.groupb.HarnessTest" time="0.568" tests="7" errors="0" skipped="0" failures="0">
  <properties>
    <property name="java.specification.version" value="24"/>
    <property name="sun.jnu.encoding" value="UTF-8"/>
    <property name="java.class.path" value="/workspaces/group-b/automation/common/target/test-classes:/workspaces/group-b/automation/common/target/classes:/home/vscode/.m2/repository/org/junit/jupiter/junit-jupiter-api/5.8.1/junit-jupiter-api-5.8.1.jar:/home/vscode/.m2/repository/org/opentest4j/opentest4j/1.2.0/opentest4j-1.2.0.jar:/home/vscode/.m2/repository/org/junit/platform/junit-platform-commons/1.8.1/junit-platform-commons-1.8.1.jar:/home/vscode/.m2/repository/org/apiguardian/apiguardian-api/1.1.2/apiguardian-api-1.1.2.jar:/home/vscode/.m2/repository/org/mockito/mockito-core/4.11.0/mockito-core-4.11.0.jar:/home/vscode/.m2/repository/net/bytebuddy/byte-buddy/1.12.19/byte-buddy-1.12.19.jar:/home/vscode/.m2/repository/net/bytebuddy/byte-buddy-agent/1.12.19/byte-buddy-agent-1.12.19.jar:/home/vscode/.m2/repository/org/objenesis/objenesis/3.3/objenesis-3.3.jar:/home/vscode/.m2/repository/org/mockito/mockito-inline/4.11.0/mockito-inline-4.11.0.jar:/home/vscode/.m2/repository/org/junit/jupiter/junit-jupiter-engine/5.8.1/junit-jupiter-engine-5.8.1.jar:/home/vscode/.m2/repository/org/junit/platform/junit-platform-engine/1.8.1/junit-platform-engine-1.8.1.jar:/home/vscode/.m2/repository/org/junit/vintage/junit-vintage-engine/5.8.1/junit-vintage-engine-5.8.1.jar:/home/vscode/.m2/repository/junit/junit/4.13.2/junit-4.13.2.jar:/home/vscode/.m2/repository/org/hamcrest/hamcrest-core/1.3/hamcrest-core-1.3.jar:/home/vscode/.m2/repository/io/github/brandeis-cosi-103a/atg-api/2.4.1/atg-api-2.4.1.jar:/home/vscode/.m2/repository/com/google/guava/guava/33.3.1-jre/guava-33.3.1-jre.jar:/home/vscode/.m2/repository/com/google/guava/failureaccess/1.0.2/failureaccess-1.0.2.jar:/home/vscode/.m2/repository/com/google/guava/listenablefuture/9999.0-empty-to-avoid-conflict-with-guava/listenablefuture-9999.0-empty-to-avoid-conflict-with-guava.jar:/home/vscode/.m2/repository/com/google/code/findbugs/jsr305/3.0.2/jsr305-3.0.2.jar:/home/vscode/.m2/repository/org/checkerframework/checker-qual/3.43.0/checker-qual-3.43.0.jar:/home/vscode/.m2/repository/com/google/errorprone/error_prone_annotations/2.28.0/error_prone_annotations-2.28.0.jar:/home/vscode/.m2/repository/com/google/j2objc/j2objc-annotations/3.0.0/j2objc-annotations-3.0.0.jar:/home/vscode/.m2/repository/com/fasterxml/jackson/core/jackson-databind/2.18.2/jackson-databind-2.18.2.jar:/home/vscode/.m2/repository/com/fasterxml/jackson/core/jackson-annotations/2.18.2/jackson-annotations-2.18.2.jar:/home/vscode/.m2/repository/com/fasterxml/jackson/core/jackson-core/2.18.2/jackson-core-2.18.2.jar:"/>
    <property name="java.vm.vendor" value="Eclipse Adoptium"/>
    <property name="sun.arch.data.model" value="64"/>
    <property name="net.bytebuddy.experimental" value="true"/>
    <property name="java.vendor.url" value="https://adoptium.net/"/>
    <property name="user.timezone" value="Etc/UTC"/>
    <property name="os.name" value="Linux"/>
    <property name="java.vm.specification.version" value="24"/>
    <property name="sun.java.launcher" value="SUN_STANDARD"/>
    <property name="user.country" value="US"/>
    <property name="sun.boot.library.path" value="/usr/local/sdkman/candidates/java/24-tem/lib"/>
    <property name="sun.java.command" value="/workspaces/group-b/automation/common/target/surefire/surefirebooter-20250407203803450_3.jar /workspaces/group-b/automation/common/target/surefire 2025-04-07T20-38-02_883-jvmRun1 surefire-20250407203803450_1tmp surefire_0-20250407203803450_2tmp"/>
    <property name="jdk.debug" value="release"/>
    <property name="surefire.test.class.path" value="/workspaces/group-b/automation/common/target/test-classes:/workspaces/group-b/automation/common/target/classes:/home/vscode/.m2/repository/org/junit/jupiter/junit-jupiter-api/5.8.1/junit-jupiter-api-5.8.1.jar:/home/vscode/.m2/repository/org/opentest4j/opentest4j/1.2.0/opentest4j-1.2.0.jar:/home/vscode/.m2/repository/org/junit/platform/junit-platform-commons/1.8.1/junit-platform-commons-1.8.1.jar:/home/vscode/.m2/repository/org/apiguardian/apiguardian-api/1.1.2/apiguardian-api-1.1.2.jar:/home/vscode/.m2/repository/org/mockito/mockito-core/4.11.0/mockito-core-4.11.0.jar:/home/vscode/.m2/repository/net/bytebuddy/byte-buddy/1.12.19/byte-buddy-1.12.19.jar:/home/vscode/.m2/repository/net/bytebuddy/byte-buddy-agent/1.12.19/byte-buddy-agent-1.12.19.jar:/home/vscode/.m2/repository/org/objenesis/objenesis/3.3/objenesis-3.3.jar:/home/vscode/.m2/repository/org/mockito/mockito-inline/4.11.0/mockito-inline-4.11.0.jar:/home/vscode/.m2/repository/org/junit/jupiter/junit-jupiter-engine/5.8.1/junit-jupiter-engine-5.8.1.jar:/home/vscode/.m2/repository/org/junit/platform/junit-platform-engine/1.8.1/junit-platform-engine-1.8.1.jar:/home/vscode/.m2/repository/org/junit/vintage/junit-vintage-engine/5.8.1/junit-vintage-engine-5.8.1.jar:/home/vscode/.m2/repository/junit/junit/4.13.2/junit-4.13.2.jar:/home/vscode/.m2/repository/org/hamcrest/hamcrest-core/1.3/hamcrest-core-1.3.jar:/home/vscode/.m2/repository/io/github/brandeis-cosi-103a/atg-api/2.4.1/atg-api-2.4.1.jar:/home/vscode/.m2/repository/com/google/guava/guava/33.3.1-jre/guava-33.3.1-jre.jar:/home/vscode/.m2/repository/com/google/guava/failureaccess/1.0.2/failureaccess-1.0.2.jar:/home/vscode/.m2/repository/com/google/guava/listenablefuture/9999.0-empty-to-avoid-conflict-with-guava/listenablefuture-9999.0-empty-to-avoid-conflict-with-guava.jar:/home/vscode/.m2/repository/com/google/code/findbugs/jsr305/3.0.2/jsr305-3.0.2.jar:/home/vscode/.m2/repository/org/checkerframework/checker-qual/3.43.0/checker-qual-3.43.0.jar:/home/vscode/.m2/repository/com/google/errorprone/error_prone_annotations/2.28.0/error_prone_annotations-2.28.0.jar:/home/vscode/.m2/repository/com/google/j2objc/j2objc-annotations/3.0.0/j2objc-annotations-3.0.0.jar:/home/vscode/.m2/repository/com/fasterxml/jackson/core/jackson-databind/2.18.2/jackson-databind-2.18.2.jar:/home/vscode/.m2/repository/com/fasterxml/jackson/core/jackson-annotations/2.18.2/jackson-annotations-2.18.2.jar:/home/vscode/.m2/repository/com/fasterxml/jackson/core/jackson-core/2.18.2/jackson-core-2.18.2.jar:"/>
    <property name="sun.cpu.endian" value="little"/>
    <property name="user.home" value="/home/vscode"/>
    <property name="user.language" value="en"/>
    <property name="java.specification.vendor" value="Oracle Corporation"/>
    <property name="java.version.date" value="2025-03-18"/>
    <property name="java.home" value="/usr/local/sdkman/candidates/java/24-tem"/>
    <property name="file.separator" value="/"/>
    <property name="basedir" value="/workspaces/group-b/automation/common"/>
    <property name="java.vm.compressedOopsMode" value="32-bit"/>
    <property name="line.separator" value="&#10;"/>
    <property name="java.vm.specification.vendor" value="Oracle Corporation"/>
    <property name="java.specification.name" value="Java Platform API Specification"/>
    <property name="surefire.real.class.path" value="/workspaces/group-b/automation/common/target/surefire/surefirebooter-20250407203803450_3.jar"/>
    <property name="sun.management.compiler" value="HotSpot 64-Bit Tiered Compilers"/>
    <property name="java.runtime.version" value="24+36"/>
    <property name="user.name" value="vscode"/>
    <property name="stdout.encoding" value="UTF-8"/>
    <property name="path.separator" value=":"/>
    <property name="os.version" value="6.10.14-linuxkit"/>
    <property name="java.runtime.name" value="OpenJDK Runtime Environment"/>
    <property name="file.encoding" value="UTF-8"/>
    <property name="java.vm.name" value="OpenJDK 64-Bit Server VM"/>
    <property name="java.vendor.version" value="Temurin-24+36"/>
    <property name="localRepository" value="/home/vscode/.m2/repository"/>
    <property name="java.vendor.url.bug" value="https://github.com/adoptium/adoptium-support/issues"/>
    <property name="java.io.tmpdir" value="/tmp"/>
    <property name="java.version" value="24"/>
    <property name="user.dir" value="/workspaces/group-b/automation/common"/>
    <property name="os.arch" value="aarch64"/>
    <property name="java.vm.specification.name" value="Java Virtual Machine Specification"/>
    <property name="native.encoding" value="UTF-8"/>
    <property name="java.library.path" value="/usr/java/packages/lib:/usr/lib64:/lib64:/lib:/usr/lib"/>
    <property name="java.vm.info" value="mixed mode, sharing"/>
    <property name="stderr.encoding" value="UTF-8"/>
    <property name="java.vendor" value="Eclipse Adoptium"/>
    <property name="java.vm.version" value="24+36"/>
    <property name="sun.io.unicode.encoding" value="UnicodeLittle"/>
    <property name="java.class.version" value="68.0"/>
  </properties>
  <testcase name="testObserverNotificationOnPlayCard" classname="edu.brandeis.cosi103a.groupb.HarnessTest" time="0.502">
    <system-out><![CDATA[Physical deck initialized with 160 cards.
Initialized Alice's draw deck.
Alice draws [Bitcoin(id: 46)] from draw deck.
Alice draws [Bitcoin(id: 32)] from draw deck.
Alice draws [Bitcoin(id: 52)] from draw deck.
Alice draws [Method(id: 5)] from draw deck.
Alice draws [Method(id: 6)] from draw deck.
[LOG] Alice -- Turn 1.

Initialized Bot's draw deck.
Bot draws [Method(id: 3)] from draw deck.
Bot draws [Bitcoin(id: 35)] from draw deck.
Bot draws [Method(id: 11)] from draw deck.
Bot draws [Bitcoin(id: 14)] from draw deck.
Bot draws [Bitcoin(id: 18)] from draw deck.
[LOG] Bot -- Turn 1.

Physical deck initialized with 260 cards.
]]></system-out>
    <system-err><![CDATA[WARNING: A Java agent has been loaded dynamically (/home/vscode/.m2/repository/net/bytebuddy/byte-buddy-agent/1.12.19/byte-buddy-agent-1.12.19.jar)
WARNING: If a serviceability tool is in use, please run with -XX:+EnableDynamicAgentLoading to hide this warning
WARNING: If a serviceability tool is not in use, please run with -Djdk.instrument.traceUsage for more information
WARNING: Dynamic loading of agents will be disallowed by default in a future release
]]></system-err>
  </testcase>
  <testcase name="testObserverNotificationOnGainCard" classname="edu.brandeis.cosi103a.groupb.HarnessTest" time="0.002">
    <system-out><![CDATA[Physical deck initialized with 160 cards.
Initialized Alice's draw deck.
Alice draws [Bitcoin(id: 48)] from draw deck.
Alice draws [Bitcoin(id: 58)] from draw deck.
Alice draws [Bitcoin(id: 29)] from draw deck.
Alice draws [Method(id: 11)] from draw deck.
Alice draws [Bitcoin(id: 34)] from draw deck.
[LOG] Alice -- Turn 1.

Initialized Bot's draw deck.
Bot draws [Bitcoin(id: 52)] from draw deck.
Bot draws [Method(id: 1)] from draw deck.
Bot draws [Bitcoin(id: 7)] from draw deck.
Bot draws [Method(id: 13)] from draw deck.
Bot draws [Bitcoin(id: 45)] from draw deck.
[LOG] Bot -- Turn 1.

Physical deck initialized with 260 cards.
]]></system-out>
  </testcase>
  <testcase name="testGameEndDueToPlayerViolationException" classname="edu.brandeis.cosi103a.groupb.HarnessTest" time="0.04">
    <system-out><![CDATA[Physical deck initialized with 160 cards.
Initialized Alice's draw deck.
Alice draws [Bitcoin(id: 11)] from draw deck.
Alice draws [Bitcoin(id: 52)] from draw deck.
Alice draws [Bitcoin(id: 44)] from draw deck.
Alice draws [Bitcoin(id: 56)] from draw deck.
Alice draws [Method(id: 13)] from draw deck.
[LOG] Alice -- Turn 1.

Initialized Bot's draw deck.
Bot draws [Bitcoin(id: 53)] from draw deck.
Bot draws [Bitcoin(id: 32)] from draw deck.
Bot draws [Method(id: 1)] from draw deck.
Bot draws [Bitcoin(id: 25)] from draw deck.
Bot draws [Method(id: 4)] from draw deck.
[LOG] Bot -- Turn 1.

]]></system-out>
  </testcase>
  <testcase name="testGamePlay" classname="edu.brandeis.cosi103a.groupb.HarnessTest" time="0.005">
    <system-out><![CDATA[Physical deck initialized with 160 cards.
Initialized Alice's draw deck.
Alice draws [Bitcoin(id: 20)] from draw deck.
Alice draws [Bitcoin(id: 6)] from draw deck.
Alice draws [Method(id: 11)] from draw deck.
Alice draws [Bitcoin(id: 46)] from draw deck.
Alice draws [Method(id: 13)] from draw deck.
[LOG] Alice -- Turn 1.

Initialized Bot's draw deck.
Bot draws [Bitcoin(id: 28)] from draw deck.
Bot draws [Method(id: 7)] from draw deck.
Bot draws [Bitcoin(id: 1)] from draw deck.
Bot draws [Bitcoin(id: 44)] from draw deck.
Bot draws [Method(id: 9)] from draw deck.
[LOG] Bot -- Turn 1.

]]></system-out>
  </testcase>
  <testcase name="testInitialization" classname="edu.brandeis.cosi103a.groupb.HarnessTest" time="0.002">
    <system-out><![CDATA[Physical deck initialized with 160 cards.
Initialized Alice's draw deck.
Alice draws [Method(id: 5)] from draw deck.
Alice draws [Bitcoin(id: 22)] from draw deck.
Alice draws [Bitcoin(id: 9)] from draw deck.
Alice draws [Bitcoin(id: 49)] from draw deck.
Alice draws [Bitcoin(id: 57)] from draw deck.
[LOG] Alice -- Turn 1.

Initialized Bot's draw deck.
Bot draws [Bitcoin(id: 54)] from draw deck.
Bot draws [Bitcoin(id: 30)] from draw deck.
Bot draws [Method(id: 8)] from draw deck.
Bot draws [Bitcoin(id: 50)] from draw deck.
Bot draws [Bitcoin(id: 31)] from draw deck.
[LOG] Bot -- Turn 1.

]]></system-out>
  </testcase>
  <testcase name="testObserverNotificationOnEndTurn" classname="edu.brandeis.cosi103a.groupb.HarnessTest" time="0.003">
    <system-out><![CDATA[Physical deck initialized with 160 cards.
Initialized Alice's draw deck.
Alice draws [Method(id: 1)] from draw deck.
Alice draws [Method(id: 6)] from draw deck.
Alice draws [Bitcoin(id: 58)] from draw deck.
Alice draws [Bitcoin(id: 39)] from draw deck.
Alice draws [Bitcoin(id: 28)] from draw deck.
[LOG] Alice -- Turn 1.

Initialized Bot's draw deck.
Bot draws [Bitcoin(id: 9)] from draw deck.
Bot draws [Bitcoin(id: 38)] from draw deck.
Bot draws [Bitcoin(id: 53)] from draw deck.
Bot draws [Method(id: 12)] from draw deck.
Bot draws [Method(id: 7)] from draw deck.
[LOG] Bot -- Turn 1.

Physical deck initialized with 260 cards.
]]></system-out>
  </testcase>
  <testcase name="testWinnerDetermination" classname="edu.brandeis.cosi103a.groupb.HarnessTest" time="0.002">
    <system-out><![CDATA[Physical deck initialized with 160 cards.
Initialized Alice's draw deck.
Alice draws [Bitcoin(id: 52)] from draw deck.
Alice draws [Bitcoin(id: 29)] from draw deck.
Alice draws [Method(id: 13)] from draw deck.
Alice draws [Bitcoin(id: 9)] from draw deck.
Alice draws [Method(id: 12)] from draw deck.
[LOG] Alice -- Turn 1.

Initialized Bot's draw deck.
Bot draws [Bitcoin(id: 48)] from draw deck.
Bot draws [Bitcoin(id: 50)] from draw deck.
Bot draws [Bitcoin(id: 4)] from draw deck.
Bot draws [Method(id: 2)] from draw deck.
Bot draws [Bitcoin(id: 37)] from draw deck.
[LOG] Bot -- Turn 1.

]]></system-out>
  </testcase>
</testsuite>